  BigFish.cpp
c:\projects\code\kinetis2\eurorack-kds\bigfishlib\adsrenvelope.h(34): warning C4091: 'typedef ': ignored on left of 'ENVTABLETYPES' when no variable is declared
c:\projects\code\kinetis2\eurorack-kds\bigfishlib\bigfish.h(214): warning C4244: 'initializing': conversion from 'float' to 'int', possible loss of data
c:\projects\code\kinetis2\eurorack-kds\bigfishlib\bigfish.cpp(164): warning C4244: '=': conversion from 'float' to 'int32_t', possible loss of data
c:\projects\code\kinetis2\eurorack-kds\bigfishlib\bigfish.cpp(175): warning C4244: '=': conversion from 'float' to 'int32_t', possible loss of data
c:\projects\code\kinetis2\eurorack-kds\bigfishlib\bigfish.cpp(182): warning C4244: 'argument': conversion from 'double' to 'float', possible loss of data
c:\projects\code\kinetis2\eurorack-kds\bigfishlib\bigfish.cpp(190): warning C4244: '=': conversion from 'float' to 'int32_t', possible loss of data
c:\projects\code\kinetis2\eurorack-kds\bigfishlib\bigfish.cpp(202): warning C4244: '=': conversion from 'float' to 'int32_t', possible loss of data
c:\projects\code\kinetis2\eurorack-kds\bigfishlib\bigfish.cpp(232): warning C4244: '=': conversion from 'float' to 'int32_t', possible loss of data
c:\projects\code\kinetis2\eurorack-kds\bigfishlib\bigfish.cpp(261): warning C4244: 'return': conversion from 'double' to 'float', possible loss of data
c:\projects\code\kinetis2\eurorack-kds\bigfishlib\bigfish.cpp(285): warning C4244: 'initializing': conversion from 'double' to 'float', possible loss of data
c:\projects\code\kinetis2\eurorack-kds\bigfishlib\bigfish.cpp(303): warning C4244: '=': conversion from 'double' to 'float', possible loss of data
c:\projects\code\kinetis2\eurorack-kds\bigfishlib\bigfish.cpp(306): warning C4244: 'initializing': conversion from 'double' to 'float', possible loss of data
c:\projects\code\kinetis2\eurorack-kds\bigfishlib\bigfish.cpp(314): warning C4244: 'initializing': conversion from 'double' to 'float', possible loss of data
c:\projects\code\kinetis2\eurorack-kds\bigfishlib\bigfish.cpp(329): warning C4244: 'initializing': conversion from 'float' to 'int', possible loss of data
c:\projects\code\kinetis2\eurorack-kds\bigfishlib\bigfish.cpp(337): warning C4244: 'initializing': conversion from 'double' to 'float', possible loss of data
c:\projects\code\kinetis2\eurorack-kds\bigfishlib\bigfish.cpp(347): warning C4244: '=': conversion from 'float' to 'uint16_t', possible loss of data
c:\projects\code\kinetis2\eurorack-kds\bigfishlib\bigfish.cpp(349): warning C4244: '=': conversion from 'float' to 'uint8_t', possible loss of data
c:\projects\code\kinetis2\eurorack-kds\bigfishlib\bigfish.cpp(352): warning C4244: 'initializing': conversion from 'int' to 'float', possible loss of data
c:\projects\code\kinetis2\eurorack-kds\bigfishlib\bigfish.cpp(353): warning C4244: 'initializing': conversion from 'int' to 'float', possible loss of data
c:\projects\code\kinetis2\eurorack-kds\bigfishlib\bigfish.cpp(368): warning C4244: '=': conversion from 'int32_t' to 'float', possible loss of data
c:\projects\code\kinetis2\eurorack-kds\bigfishlib\bigfish.cpp(380): warning C4244: 'argument': conversion from 'double' to 'const float', possible loss of data
c:\projects\code\kinetis2\eurorack-kds\bigfishlib\bigfish.cpp(380): warning C4244: 'argument': conversion from 'int32_t' to 'const float', possible loss of data
c:\projects\code\kinetis2\eurorack-kds\bigfishlib\bigfish.cpp(384): warning C4244: '=': conversion from 'float' to 'int32_t', possible loss of data
c:\projects\code\kinetis2\eurorack-kds\bigfishlib\bigfish.cpp(398): warning C4244: 'initializing': conversion from 'int' to 'float', possible loss of data
c:\projects\code\kinetis2\eurorack-kds\bigfishlib\bigfish.cpp(398): warning C4244: 'initializing': conversion from 'int' to 'const float', possible loss of data
c:\projects\code\kinetis2\eurorack-kds\bigfishlib\bigfish.cpp(405): warning C4244: '=': conversion from 'int32_t' to 'float', possible loss of data
c:\projects\code\kinetis2\eurorack-kds\bigfishlib\bigfish.cpp(410): warning C4305: 'initializing': truncation from 'double' to 'float'
c:\projects\code\kinetis2\eurorack-kds\bigfishlib\bigfish.cpp(401): warning C4101: 'out': unreferenced local variable
c:\projects\code\kinetis2\eurorack-kds\bigfishlib\bigfish.cpp(365): warning C4101: 'out': unreferenced local variable
  ADSREnvelope.cpp
c:\projects\code\kinetis2\eurorack-kds\bigfishlib\adsrenvelope.h(34): warning C4091: 'typedef ': ignored on left of 'ENVTABLETYPES' when no variable is declared
c:\projects\code\kinetis2\eurorack-kds\bigfishlib\adsrenvelope.cpp(12): warning C4305: 'initializing': truncation from 'double' to 'float'
c:\projects\code\kinetis2\eurorack-kds\bigfishlib\adsrenvelope.cpp(13): warning C4244: 'initializing': conversion from 'double' to 'float', possible loss of data
c:\projects\code\kinetis2\eurorack-kds\bigfishlib\adsrenvelope.cpp(14): warning C4244: 'initializing': conversion from 'double' to 'float', possible loss of data
c:\projects\code\kinetis2\eurorack-kds\bigfishlib\adsrenvelope.cpp(20): warning C4244: '=': conversion from 'double' to 'uint32_t', possible loss of data
  Generating Code...
  BigFishLib.vcxproj -> C:\Projects\Code\Kinetis2\Eurorack-KDS\VIsualStudio_EuroRackSimulator\Debug\BigFishLib.lib
